{
  "RSpec": {
    "coverage": {
      "/Users/torienyart/Desktop/turing_work/1mod/projects/night_writer/lib/braille_converter.rb": {
        "lines": [
          1,
          1,
          null,
          null,
          1,
          1,
          null,
          1,
          null,
          12,
          null,
          null,
          null,
          null,
          null,
          null,
          null,
          null,
          null,
          null,
          null,
          null,
          null,
          null,
          null,
          null,
          null,
          null,
          null,
          null,
          null,
          null,
          null,
          null,
          null,
          null,
          null,
          null,
          null,
          1,
          1,
          1,
          1,
          1,
          3,
          9,
          null,
          null,
          1,
          null,
          null,
          null,
          1,
          3,
          3,
          9,
          null,
          null,
          null,
          null,
          1,
          2,
          2,
          null,
          null,
          null,
          1,
          1,
          1,
          1,
          null,
          null
        ]
      },
      "/Users/torienyart/Desktop/turing_work/1mod/projects/night_writer/lib/file_accessor.rb": {
        "lines": [
          1,
          null,
          1,
          1,
          null,
          null,
          1,
          1,
          null,
          null,
          1,
          1,
          null,
          null,
          1,
          1,
          null,
          null,
          1,
          1,
          null,
          null
        ]
      },
      "/Users/torienyart/Desktop/turing_work/1mod/projects/night_writer/lib/modules/keyable.rb": {
        "lines": [
          1,
          1,
          1454,
          null,
          null,
          1,
          1850,
          null,
          null,
          1,
          794,
          null,
          null,
          1,
          1256,
          null,
          null
        ]
      },
      "/Users/torienyart/Desktop/turing_work/1mod/projects/night_writer/lib/english_converter.rb": {
        "lines": [
          1,
          1,
          null,
          1,
          1,
          null,
          1,
          null,
          54,
          null,
          null,
          null,
          null,
          null,
          null,
          null,
          null,
          null,
          null,
          null,
          null,
          null,
          null,
          null,
          null,
          null,
          null,
          null,
          null,
          null,
          null,
          null,
          null,
          null,
          null,
          null,
          null,
          null,
          1,
          2,
          2,
          2,
          null,
          null,
          1,
          2,
          2,
          2,
          null,
          null,
          1,
          5,
          51,
          null,
          null,
          null,
          1,
          4,
          12,
          15,
          null,
          null,
          null,
          null
        ]
      },
      "/Users/torienyart/Desktop/turing_work/1mod/projects/night_writer/spec/english_converter_spec.rb": {
        "lines": [
          1,
          null,
          1,
          10,
          null,
          1,
          1,
          null,
          null,
          1,
          1,
          1,
          1,
          1,
          null,
          null,
          1,
          1,
          null,
          1,
          1,
          1,
          null,
          1,
          1,
          null,
          null,
          1,
          1,
          1,
          null,
          1,
          null,
          null,
          1,
          1,
          null,
          1,
          null,
          null,
          1,
          1,
          null,
          1,
          null,
          null,
          1,
          1,
          null,
          1,
          null,
          null,
          1,
          1,
          1,
          null,
          1,
          null,
          1,
          null,
          1,
          null,
          null,
          1,
          1,
          1,
          null,
          1,
          null,
          1,
          null,
          1,
          1,
          1,
          1,
          1,
          null,
          1,
          1,
          1,
          null,
          null
        ]
      },
      "/Users/torienyart/Desktop/turing_work/1mod/projects/night_writer/spec/file_accessor_spec.rb": {
        "lines": [
          1,
          null,
          1,
          1,
          1,
          null,
          1,
          null,
          null,
          1,
          1,
          null,
          1,
          null,
          null,
          1,
          1,
          null,
          1,
          null,
          null,
          1,
          1,
          null,
          1,
          null,
          null,
          1,
          1,
          null,
          1,
          null,
          null
        ]
      }
    },
    "timestamp": 1673981706
  }
}
