{
  "RSpec": {
    "coverage": {
      "/Users/torienyart/Desktop/turing_work/1mod/projects/night_writer/spec/english_converter_spec.rb": {
        "lines": [
          1,
          null,
          1,
          9,
          null,
          1,
          1,
          null,
          null,
          1,
          1,
          1,
          1,
          1,
          null,
          null,
          1,
          1,
          1,
          1,
          null,
          null,
          1,
          1,
          null,
          null,
          1,
          1,
          1,
          null,
          1,
          null,
          1,
          null,
          1,
          null,
          null,
          1,
          1,
          1,
          null,
          1,
          null,
          null,
          1,
          1,
          null,
          1,
          null,
          null,
          1,
          1,
          null,
          1,
          null,
          null,
          null
        ]
      },
      "/Users/torienyart/Desktop/turing_work/1mod/projects/night_writer/lib/english_converter.rb": {
        "lines": [
          1,
          null,
          1,
          1,
          1,
          8,
          8,
          null,
          null,
          1,
          null,
          15,
          null,
          null,
          null,
          null,
          null,
          null,
          null,
          null,
          null,
          null,
          null,
          null,
          null,
          null,
          null,
          null,
          null,
          null,
          null,
          null,
          null,
          null,
          null,
          null,
          null,
          null,
          null,
          null,
          1,
          376,
          null,
          null,
          1,
          346,
          null,
          null,
          1,
          211,
          null,
          null,
          1,
          241,
          null,
          null,
          1,
          1,
          null,
          1,
          1,
          null,
          null,
          1,
          27,
          27,
          27,
          null,
          null,
          1,
          3,
          3,
          78,
          78,
          null,
          null,
          3,
          null,
          null,
          1,
          2,
          null,
          null,
          null
        ]
      },
      "/Users/torienyart/Desktop/turing_work/1mod/projects/night_writer/lib/file_accessor.rb": {
        "lines": [
          1,
          null,
          1,
          0,
          null,
          null,
          1,
          0,
          null,
          null,
          1,
          0,
          null,
          null,
          1,
          0,
          0,
          null,
          null
        ]
      },
      "/Users/torienyart/Desktop/turing_work/1mod/projects/night_writer/spec/file_accessor_spec.rb": {
        "lines": [
          1,
          null,
          1,
          1,
          0,
          null,
          0,
          null,
          null,
          1,
          0,
          null,
          0,
          null,
          null
        ]
      }
    },
    "timestamp": 1673814204
  }
}
